<?xml version="1.0" encoding="UTF-8"?>
<!-- Generated by org.testng.reporters.JUnitXMLReporter -->
<testsuite ignored="2" hostname="GCS-LT-210" failures="0" tests="2" name="Test" time="56.944" errors="0" timestamp="2023-09-08T14:53:10 IST">
  <testcase classname="gcs.Home" name="GSE" time="0.013"/>
  <testcase classname="gcs.TimeSheets" name="GSE" time="3.013"/>
  <testcase classname="generic_utility.Base_Class" name="@AfterSuite CloseConnection" time="0.0">
    <ignored/>
  </testcase> <!-- @AfterSuite CloseConnection -->
  <testcase classname="generic_utility.Base_Class" name="@BeforeSuite establishDbConnection" time="0.0">
    <ignored/>
  </testcase> <!-- @BeforeSuite establishDbConnection -->
</testsuite> <!-- Test -->
