<?xml version="1.0" encoding="UTF-8"?>
<testng-results ignored="0" total="2" passed="2" failed="0" skipped="0">
  <reporter-output>
  </reporter-output>
  <suite started-at="2023-09-08T14:52:13 IST" name="Suite" finished-at="2023-09-08T14:53:10 IST" duration-ms="56944">
    <groups>
    </groups>
    <test started-at="2023-09-08T14:52:13 IST" name="Test" finished-at="2023-09-08T14:53:10 IST" duration-ms="56944">
      <class name="gcs.TimeSheets">
        <test-method is-config="true" signature="LaunchingBrowser()[pri:0, instance:gcs.TimeSheets@183ec003]" started-at="2023-09-08T14:52:43 IST" name="LaunchingBrowser" finished-at="2023-09-08T14:52:55 IST" duration-ms="12344" status="PASS">
          <reporter-output>
          </reporter-output>
        </test-method> <!-- LaunchingBrowser -->
        <test-method is-config="true" signature="LoginGPM()[pri:0, instance:gcs.TimeSheets@183ec003]" started-at="2023-09-08T14:52:55 IST" name="LoginGPM" finished-at="2023-09-08T14:53:07 IST" duration-ms="11383" status="PASS">
          <reporter-output>
          </reporter-output>
        </test-method> <!-- LoginGPM -->
        <test-method signature="GSE()[pri:0, instance:gcs.TimeSheets@183ec003]" started-at="2023-09-08T14:53:07 IST" name="GSE" finished-at="2023-09-08T14:53:10 IST" duration-ms="3013" status="PASS">
          <reporter-output>
          </reporter-output>
        </test-method> <!-- GSE -->
        <test-method is-config="true" signature="LogoutGPM()[pri:0, instance:gcs.TimeSheets@183ec003]" started-at="2023-09-08T14:53:10 IST" name="LogoutGPM" finished-at="2023-09-08T14:53:10 IST" duration-ms="1" status="PASS">
          <reporter-output>
          </reporter-output>
        </test-method> <!-- LogoutGPM -->
        <test-method is-config="true" signature="CloseBrowser()[pri:0, instance:gcs.TimeSheets@183ec003]" started-at="2023-09-08T14:53:10 IST" name="CloseBrowser" finished-at="2023-09-08T14:53:10 IST" duration-ms="506" status="PASS">
          <reporter-output>
          </reporter-output>
        </test-method> <!-- CloseBrowser -->
      </class> <!-- gcs.TimeSheets -->
      <class name="gcs.Home">
        <test-method is-config="true" signature="establishDbConnection()[pri:0, instance:gcs.Home@268f106e]" started-at="2023-09-08T14:52:13 IST" name="establishDbConnection" finished-at="2023-09-08T14:52:13 IST" duration-ms="20" status="PASS">
          <reporter-output>
          </reporter-output>
        </test-method> <!-- establishDbConnection -->
        <test-method is-config="true" signature="LaunchingBrowser()[pri:0, instance:gcs.Home@268f106e]" started-at="2023-09-08T14:52:13 IST" name="LaunchingBrowser" finished-at="2023-09-08T14:52:31 IST" duration-ms="17423" status="PASS">
          <reporter-output>
          </reporter-output>
        </test-method> <!-- LaunchingBrowser -->
        <test-method is-config="true" signature="LoginGPM()[pri:0, instance:gcs.Home@268f106e]" started-at="2023-09-08T14:52:31 IST" name="LoginGPM" finished-at="2023-09-08T14:52:42 IST" duration-ms="11489" status="PASS">
          <reporter-output>
          </reporter-output>
        </test-method> <!-- LoginGPM -->
        <test-method signature="GSE()[pri:0, instance:gcs.Home@268f106e]" started-at="2023-09-08T14:52:42 IST" name="GSE" finished-at="2023-09-08T14:52:42 IST" duration-ms="13" status="PASS">
          <reporter-output>
          </reporter-output>
        </test-method> <!-- GSE -->
        <test-method is-config="true" signature="LogoutGPM()[pri:0, instance:gcs.Home@268f106e]" started-at="2023-09-08T14:52:42 IST" name="LogoutGPM" finished-at="2023-09-08T14:52:42 IST" duration-ms="1" status="PASS">
          <reporter-output>
          </reporter-output>
        </test-method> <!-- LogoutGPM -->
        <test-method is-config="true" signature="CloseBrowser()[pri:0, instance:gcs.Home@268f106e]" started-at="2023-09-08T14:52:42 IST" name="CloseBrowser" finished-at="2023-09-08T14:52:43 IST" duration-ms="658" status="PASS">
          <reporter-output>
          </reporter-output>
        </test-method> <!-- CloseBrowser -->
        <test-method is-config="true" signature="CloseConnection()[pri:0, instance:gcs.Home@268f106e]" started-at="2023-09-08T14:53:11 IST" name="CloseConnection" finished-at="2023-09-08T14:53:11 IST" duration-ms="0" status="PASS">
          <reporter-output>
          </reporter-output>
        </test-method> <!-- CloseConnection -->
      </class> <!-- gcs.Home -->
    </test> <!-- Test -->
  </suite> <!-- Suite -->
</testng-results>
